***********************************************************
Timestamp: 20 04 02 Thu 05:02:08 (UTC)

Backend results:
0 tests completed, 0 failed, 35 skipped (compile error)

Frontend results:
From the total of 19 tests, 0 were successful

Total score (percentage):
0.00%


***********************************************************
Backend Gradle build log:

Initialized native services in: /home/travis/.gradle/native
The client will now receive all logging from the daemon (pid: 5399). The daemon log file: /home/travis/.gradle/daemon/5.1.1/daemon-5399.out.log
Starting 2nd build in daemon [uptime: 32.062 secs, performance: 98%]
Using 2 worker leases.
Starting Build
Settings evaluated using settings file '/home/travis/build/McGill-ECSE321-Winter2020/assignment-grader/EventRegistration-Backend/settings.gradle'.
Projects loaded. Root project using build file '/home/travis/build/McGill-ECSE321-Winter2020/assignment-grader/EventRegistration-Backend/build.gradle'.
Included projects: [root project 'EventRegistration-Backend']

> Configure project :
Evaluating root project 'EventRegistration-Backend' using build file '/home/travis/build/McGill-ECSE321-Winter2020/assignment-grader/EventRegistration-Backend/build.gradle'.
Applying dependency management to configuration 'annotationProcessor' in project 'EventRegistration-Backend'
Applying dependency management to configuration 'apiElements' in project 'EventRegistration-Backend'
Applying dependency management to configuration 'archives' in project 'EventRegistration-Backend'
Applying dependency management to configuration 'bootArchives' in project 'EventRegistration-Backend'
Applying dependency management to configuration 'compile' in project 'EventRegistration-Backend'
Applying dependency management to configuration 'compileClasspath' in project 'EventRegistration-Backend'
Applying dependency management to configuration 'compileOnly' in project 'EventRegistration-Backend'
Applying dependency management to configuration 'default' in project 'EventRegistration-Backend'
Applying dependency management to configuration 'implementation' in project 'EventRegistration-Backend'
Applying dependency management to configuration 'runtime' in project 'EventRegistration-Backend'
Applying dependency management to configuration 'runtimeClasspath' in project 'EventRegistration-Backend'
Applying dependency management to configuration 'runtimeElements' in project 'EventRegistration-Backend'
Applying dependency management to configuration 'runtimeOnly' in project 'EventRegistration-Backend'
Applying dependency management to configuration 'testAnnotationProcessor' in project 'EventRegistration-Backend'
Applying dependency management to configuration 'testCompile' in project 'EventRegistration-Backend'
Applying dependency management to configuration 'testCompileClasspath' in project 'EventRegistration-Backend'
Applying dependency management to configuration 'testCompileOnly' in project 'EventRegistration-Backend'
Applying dependency management to configuration 'testImplementation' in project 'EventRegistration-Backend'
Applying dependency management to configuration 'testRuntime' in project 'EventRegistration-Backend'
Applying dependency management to configuration 'testRuntimeClasspath' in project 'EventRegistration-Backend'
Applying dependency management to configuration 'testRuntimeOnly' in project 'EventRegistration-Backend'
All projects evaluated.
Selected primary task 'test' from project :
Tasks to be executed: [task ':compileJava', task ':processResources', task ':classes', task ':compileTestJava', task ':processTestResources', task ':testClasses', task ':test']
:compileJava (Thread[Daemon worker,5,main]) started.

> Task :compileJava UP-TO-DATE
Resolving global dependency management for project 'EventRegistration-Backend'
Excluding [org.apache.tomcat:tomcat-annotations-api]
Excluding []
Skipping task ':compileJava' as it is up-to-date.
:compileJava (Thread[Daemon worker,5,main]) completed. Took 1.33 secs.
:processResources (Thread[Execution worker for ':',5,main]) started.

> Task :processResources UP-TO-DATE
Skipping task ':processResources' as it is up-to-date.
:processResources (Thread[Execution worker for ':',5,main]) completed. Took 0.003 secs.
:classes (Thread[Execution worker for ':',5,main]) started.

> Task :classes UP-TO-DATE
Skipping task ':classes' as it has no actions.
:classes (Thread[Execution worker for ':',5,main]) completed. Took 0.0 secs.
:compileTestJava (Thread[Execution worker for ':',5,main]) started.

> Task :compileTestJava
Excluding []
Excluding []
Task ':compileTestJava' is not up-to-date because:
  No history is available.
Custom actions are attached to task ':compileTestJava'.
All input files are considered out-of-date for incremental task ':compileTestJava'.
Full recompilation is required because no incremental change information is available. This is usually caused by clean builds or changing compiler arguments.
Compiling with JDK Java compiler API.
/home/travis/build/McGill-ECSE321-Winter2020/assignment-grader/EventRegistration-Backend/src/test/java/ca/mcgill/ecse321/eventregistration/service/payment/TestPaymentWithBitcoinHidden.java:17: error: cannot find symbol
import ca.mcgill.ecse321.eventregistration.dao.BitcoinRepository;
                                              ^
  symbol:   class BitcoinRepository
  location: package ca.mcgill.ecse321.eventregistration.dao
/home/travis/build/McGill-ECSE321-Winter2020/assignment-grader/EventRegistration-Backend/src/test/java/ca/mcgill/ecse321/eventregistration/service/payment/TestPaymentWithBitcoinHidden.java:40: error: cannot find symbol
	private BitcoinRepository bitcoinRepository;
	        ^
  symbol:   class BitcoinRepository
  location: class TestPaymentWithBitcoinHidden
/home/travis/build/McGill-ECSE321-Winter2020/assignment-grader/EventRegistration-Backend/src/test/java/ca/mcgill/ecse321/eventregistration/service/event/TestCircusHidden.java:31: error: cannot find symbol
    private CircusRepository circusRepository;
            ^
  symbol:   class CircusRepository
  location: class TestCircusHidden
/home/travis/build/McGill-ECSE321-Winter2020/assignment-grader/EventRegistration-Backend/src/test/java/ca/mcgill/ecse321/eventregistration/service/payment/TestPaymentWithBitcoinHidden.java:58: error: cannot find symbol
			Bitcoin ap = service.createBitcoinPay(TestPaymentWithBitcoinData.TEST01_VALID_ID,
			                    ^
  symbol:   method createBitcoinPay(String,int)
  location: variable service of type EventRegistrationService
/home/travis/build/McGill-ECSE321-Winter2020/assignment-grader/EventRegistration-Backend/src/test/java/ca/mcgill/ecse321/eventregistration/service/payment/TestPaymentWithBitcoinHidden.java:60: error: cannot find symbol
			service.pay(r, ap);
			       ^
  symbol:   method pay(Registration,Bitcoin)
  location: variable service of type EventRegistrationService
/home/travis/build/McGill-ECSE321-Winter2020/assignment-grader/EventRegistration-Backend/src/test/java/ca/mcgill/ecse321/eventregistration/service/payment/TestPaymentWithBitcoinHidden.java:63: error: cannot find symbol
			bitcoinAsserts(ap, allRs.get(0).getBitcoin());
			                               ^
  symbol:   method getBitcoin()
  location: class Registration
/home/travis/build/McGill-ECSE321-Winter2020/assignment-grader/EventRegistration-Backend/src/test/java/ca/mcgill/ecse321/eventregistration/service/payment/TestPaymentWithBitcoinHidden.java:84: error: cannot find symbol
				pays[i] = service.createBitcoinPay(ids[i], amounts[i]);
				                 ^
  symbol:   method createBitcoinPay(String,int)
  location: variable service of type EventRegistrationService
/home/travis/build/McGill-ECSE321-Winter2020/assignment-grader/EventRegistration-Backend/src/test/java/ca/mcgill/ecse321/eventregistration/service/payment/TestPaymentWithBitcoinHidden.java:85: error: cannot find symbol
				service.pay(r, pays[i]);
				       ^
  symbol:   method pay(Registration,Bitcoin)
  location: variable service of type EventRegistrationService
/home/travis/build/McGill-ECSE321-Winter2020/assignment-grader/EventRegistration-Backend/src/test/java/ca/mcgill/ecse321/eventregistration/service/payment/TestPaymentWithBitcoinHidden.java:116: error: cannot find symbol
				pays[i] = service.createBitcoinPay(ids[i], amounts[i]);
				                 ^
  symbol:   method createBitcoinPay(String,int)
  location: variable service of type EventRegistrationService
/home/travis/build/McGill-ECSE321-Winter2020/assignment-grader/EventRegistration-Backend/src/test/java/ca/mcgill/ecse321/eventregistration/service/payment/TestPaymentWithBitcoinHidden.java:117: error: cannot find symbol
				service.pay(r, pays[i]);
				       ^
  symbol:   method pay(Registration,Bitcoin)
  location: variable service of type EventRegistrationService
/home/travis/build/McGill-ECSE321-Winter2020/assignment-grader/EventRegistration-Backend/src/test/java/ca/mcgill/ecse321/eventregistration/service/payment/TestPaymentWithBitcoinHidden.java:148: error: cannot find symbol
				pays[i] = service.createBitcoinPay(ids[i], amounts[i]);
				                 ^
  symbol:   method createBitcoinPay(String,int)
  location: variable service of type EventRegistrationService
/home/travis/build/McGill-ECSE321-Winter2020/assignment-grader/EventRegistration-Backend/src/test/java/ca/mcgill/ecse321/eventregistration/service/payment/TestPaymentWithBitcoinHidden.java:149: error: cannot find symbol
				service.pay(r, pays[i]);
				       ^
  symbol:   method pay(Registration,Bitcoin)
  location: variable service of type EventRegistrationService
/home/travis/build/McGill-ECSE321-Winter2020/assignment-grader/EventRegistration-Backend/src/test/java/ca/mcgill/ecse321/eventregistration/service/payment/TestPaymentWithBitcoinHidden.java:170: error: cannot find symbol
			Bitcoin ap1 = service.createBitcoinPay(TestPaymentWithBitcoinData.TEST05_INITIAL_ID,
			                     ^
  symbol:   method createBitcoinPay(String,int)
  location: variable service of type EventRegistrationService
/home/travis/build/McGill-ECSE321-Winter2020/assignment-grader/EventRegistration-Backend/src/test/java/ca/mcgill/ecse321/eventregistration/service/payment/TestPaymentWithBitcoinHidden.java:172: error: cannot find symbol
			Bitcoin ap2 = service.createBitcoinPay(TestPaymentWithBitcoinData.TEST05_AFTER_ID,
			                     ^
  symbol:   method createBitcoinPay(String,int)
  location: variable service of type EventRegistrationService
/home/travis/build/McGill-ECSE321-Winter2020/assignment-grader/EventRegistration-Backend/src/test/java/ca/mcgill/ecse321/eventregistration/service/payment/TestPaymentWithBitcoinHidden.java:174: error: cannot find symbol
			service.pay(r, ap1);
			       ^
  symbol:   method pay(Registration,Bitcoin)
  location: variable service of type EventRegistrationService
/home/travis/build/McGill-ECSE321-Winter2020/assignment-grader/EventRegistration-Backend/src/test/java/ca/mcgill/ecse321/eventregistration/service/payment/TestPaymentWithBitcoinHidden.java:177: error: cannot find symbol
			bitcoinAsserts(ap1, allRs1.get(0).getBitcoin());
			                                 ^
  symbol:   method getBitcoin()
  location: class Registration
/home/travis/build/McGill-ECSE321-Winter2020/assignment-grader/EventRegistration-Backend/src/test/java/ca/mcgill/ecse321/eventregistration/service/payment/TestPaymentWithBitcoinHidden.java:178: error: cannot find symbol
			service.pay(r, ap2);
			       ^
  symbol:   method pay(Registration,Bitcoin)
  location: variable service of type EventRegistrationService
/home/travis/build/McGill-ECSE321-Winter2020/assignment-grader/EventRegistration-Backend/src/test/java/ca/mcgill/ecse321/eventregistration/service/payment/TestPaymentWithBitcoinHidden.java:181: error: cannot find symbol
			bitcoinAsserts(ap2, allRs2.get(0).getBitcoin());
			                                 ^
  symbol:   method getBitcoin()
  location: class Registration
/home/travis/build/McGill-ECSE321-Winter2020/assignment-grader/EventRegistration-Backend/src/test/java/ca/mcgill/ecse321/eventregistration/service/payment/TestPaymentWithBitcoinHidden.java:190: error: cannot find symbol
			Bitcoin ap = service.createBitcoinPay(TestPaymentWithBitcoinData.TEST06_VALID_ID,
			                    ^
  symbol:   method createBitcoinPay(String,int)
  location: variable service of type EventRegistrationService
/home/travis/build/McGill-ECSE321-Winter2020/assignment-grader/EventRegistration-Backend/src/test/java/ca/mcgill/ecse321/eventregistration/service/payment/TestPaymentWithBitcoinHidden.java:208: error: cannot find symbol
			service.pay(r, ap);
			       ^
  symbol:   method pay(Registration,Bitcoin)
  location: variable service of type EventRegistrationService
/home/travis/build/McGill-ECSE321-Winter2020/assignment-grader/EventRegistration-Backend/src/test/java/ca/mcgill/ecse321/eventregistration/service/payment/TestPaymentWithBitcoinHidden.java:223: error: cannot find symbol
			service.pay(r, ap);
			       ^
  symbol:   method pay(Registration,Bitcoin)
  location: variable service of type EventRegistrationService
/home/travis/build/McGill-ECSE321-Winter2020/assignment-grader/EventRegistration-Backend/src/test/java/ca/mcgill/ecse321/eventregistration/service/payment/TestPaymentWithBitcoinHidden.java:233: error: cannot find symbol
			service.createBitcoinPay(TestPaymentWithBitcoinData.TEST09_WRONG_ID,
			       ^
  symbol:   method createBitcoinPay(String,int)
  location: variable service of type EventRegistrationService
/home/travis/build/McGill-ECSE321-Winter2020/assignment-grader/EventRegistration-Backend/src/test/java/ca/mcgill/ecse321/eventregistration/service/payment/TestPaymentWithBitcoinHidden.java:244: error: cannot find symbol
			service.createBitcoinPay(TestPaymentWithBitcoinData.TEST10_WRONG_ID,
			       ^
  symbol:   method createBitcoinPay(String,int)
  location: variable service of type EventRegistrationService
/home/travis/build/McGill-ECSE321-Winter2020/assignment-grader/EventRegistration-Backend/src/test/java/ca/mcgill/ecse321/eventregistration/service/payment/TestPaymentWithBitcoinHidden.java:255: error: cannot find symbol
			service.createBitcoinPay(TestPaymentWithBitcoinData.TEST11_WRONG_ID,
			       ^
  symbol:   method createBitcoinPay(String,int)
  location: variable service of type EventRegistrationService
/home/travis/build/McGill-ECSE321-Winter2020/assignment-grader/EventRegistration-Backend/src/test/java/ca/mcgill/ecse321/eventregistration/service/payment/TestPaymentWithBitcoinHidden.java:265: error: cannot find symbol
			service.createBitcoinPay(TestPaymentWithBitcoinData.TEST12_WRONG_ID,
			       ^
  symbol:   method createBitcoinPay(String,int)
  location: variable service of type EventRegistrationService
/home/travis/build/McGill-ECSE321-Winter2020/assignment-grader/EventRegistration-Backend/src/test/java/ca/mcgill/ecse321/eventregistration/service/payment/TestPaymentWithBitcoinHidden.java:275: error: cannot find symbol
			service.createBitcoinPay(TestPaymentWithBitcoinData.TEST13_WRONG_ID,
			       ^
  symbol:   method createBitcoinPay(String,int)
  location: variable service of type EventRegistrationService
/home/travis/build/McGill-ECSE321-Winter2020/assignment-grader/EventRegistration-Backend/src/test/java/ca/mcgill/ecse321/eventregistration/service/payment/TestPaymentWithBitcoinHidden.java:285: error: cannot find symbol
			Bitcoin ap = service.createBitcoinPay(TestPaymentWithBitcoinData.TEST14_VALID_ID,
			                    ^
  symbol:   method createBitcoinPay(String,int)
  location: variable service of type EventRegistrationService
/home/travis/build/McGill-ECSE321-Winter2020/assignment-grader/EventRegistration-Backend/src/test/java/ca/mcgill/ecse321/eventregistration/service/payment/TestPaymentWithBitcoinHidden.java:299: error: cannot find symbol
			service.createBitcoinPay(TestPaymentWithBitcoinData.TEST15_VALID_ID,
			       ^
  symbol:   method createBitcoinPay(String,int)
  location: variable service of type EventRegistrationService
/home/travis/build/McGill-ECSE321-Winter2020/assignment-grader/EventRegistration-Backend/src/test/java/ca/mcgill/ecse321/eventregistration/service/payment/TestPaymentWithBitcoinHidden.java:311: error: cannot find symbol
		assertEquals(expected.getAmount(), actual.getAmount());
		                     ^
  symbol:   method getAmount()
  location: variable expected of type Bitcoin
/home/travis/build/McGill-ECSE321-Winter2020/assignment-grader/EventRegistration-Backend/src/test/java/ca/mcgill/ecse321/eventregistration/service/payment/TestPaymentWithBitcoinHidden.java:311: error: cannot find symbol
		assertEquals(expected.getAmount(), actual.getAmount());
		                                         ^
  symbol:   method getAmount()
  location: variable actual of type Bitcoin
/home/travis/build/McGill-ECSE321-Winter2020/assignment-grader/EventRegistration-Backend/src/test/java/ca/mcgill/ecse321/eventregistration/service/payment/TestPaymentWithBitcoinHidden.java:312: error: cannot find symbol
		assertEquals(expected.getUserID(), actual.getUserID());
		                     ^
  symbol:   method getUserID()
  location: variable expected of type Bitcoin
/home/travis/build/McGill-ECSE321-Winter2020/assignment-grader/EventRegistration-Backend/src/test/java/ca/mcgill/ecse321/eventregistration/service/payment/TestPaymentWithBitcoinHidden.java:312: error: cannot find symbol
		assertEquals(expected.getUserID(), actual.getUserID());
		                                         ^
  symbol:   method getUserID()
  location: variable actual of type Bitcoin
/home/travis/build/McGill-ECSE321-Winter2020/assignment-grader/EventRegistration-Backend/src/test/java/ca/mcgill/ecse321/eventregistration/service/payment/TestPaymentWithBitcoinHidden.java:316: error: cannot find symbol
		return pay2 != null && pay2.getAmount() == pay1.getAmount() && pay2.getUserID().equals(pay1.getUserID());
		                           ^
  symbol:   method getAmount()
  location: variable pay2 of type Bitcoin
/home/travis/build/McGill-ECSE321-Winter2020/assignment-grader/EventRegistration-Backend/src/test/java/ca/mcgill/ecse321/eventregistration/service/payment/TestPaymentWithBitcoinHidden.java:316: error: cannot find symbol
		return pay2 != null && pay2.getAmount() == pay1.getAmount() && pay2.getUserID().equals(pay1.getUserID());
		                                               ^
  symbol:   method getAmount()
  location: variable pay1 of type Bitcoin
/home/travis/build/McGill-ECSE321-Winter2020/assignment-grader/EventRegistration-Backend/src/test/java/ca/mcgill/ecse321/eventregistration/service/payment/TestPaymentWithBitcoinHidden.java:316: error: cannot find symbol
		return pay2 != null && pay2.getAmount() == pay1.getAmount() && pay2.getUserID().equals(pay1.getUserID());
		                                                                   ^
  symbol:   method getUserID()
  location: variable pay2 of type Bitcoin
/home/travis/build/McGill-ECSE321-Winter2020/assignment-grader/EventRegistration-Backend/src/test/java/ca/mcgill/ecse321/eventregistration/service/payment/TestPaymentWithBitcoinHidden.java:316: error: cannot find symbol
		return pay2 != null && pay2.getAmount() == pay1.getAmount() && pay2.getUserID().equals(pay1.getUserID());
		                                                                                           ^
  symbol:   method getUserID()
  location: variable pay1 of type Bitcoin
/home/travis/build/McGill-ECSE321-Winter2020/assignment-grader/EventRegistration-Backend/src/test/java/ca/mcgill/ecse321/eventregistration/service/payment/TestPaymentWithBitcoinHidden.java:321: error: cannot find symbol
			if (bitcoinEquals(pay, r.getBitcoin())) {
			                        ^
  symbol:   method getBitcoin()
  location: variable r of type Registration
/home/travis/build/McGill-ECSE321-Winter2020/assignment-grader/EventRegistration-Backend/src/test/java/ca/mcgill/ecse321/eventregistration/service/role/TestPromoterRoleHidden.java:109: error: cannot find symbol
            service.promotesEvent(promoter, event);
                   ^
  symbol:   method promotesEvent(Promoter,Event)
  location: variable service of type EventRegistrationService
/home/travis/build/McGill-ECSE321-Winter2020/assignment-grader/EventRegistration-Backend/src/test/java/ca/mcgill/ecse321/eventregistration/service/role/TestPromoterRoleHidden.java:110: error: cannot find symbol
            assertEquals(promoter.getPromotes().size(), 1);
                                 ^
  symbol:   method getPromotes()
  location: variable promoter of type Promoter
/home/travis/build/McGill-ECSE321-Winter2020/assignment-grader/EventRegistration-Backend/src/test/java/ca/mcgill/ecse321/eventregistration/service/role/TestPromoterRoleHidden.java:121: error: cannot find symbol
            service.promotesEvent(promoter, event);
                   ^
  symbol:   method promotesEvent(Promoter,Event)
  location: variable service of type EventRegistrationService
/home/travis/build/McGill-ECSE321-Winter2020/assignment-grader/EventRegistration-Backend/src/test/java/ca/mcgill/ecse321/eventregistration/service/role/TestPromoterRoleHidden.java:134: error: cannot find symbol
            service.promotesEvent(promoter, event);
                   ^
  symbol:   method promotesEvent(Promoter,Event)
  location: variable service of type EventRegistrationService
/home/travis/build/McGill-ECSE321-Winter2020/assignment-grader/EventRegistration-Backend/src/test/java/ca/mcgill/ecse321/eventregistration/service/role/TestPromoterRoleHidden.java:146: error: cannot find symbol
            service.promotesEvent(promoter, event);
                   ^
  symbol:   method promotesEvent(Promoter,Event)
  location: variable service of type EventRegistrationService
/home/travis/build/McGill-ECSE321-Winter2020/assignment-grader/EventRegistration-Backend/src/test/java/ca/mcgill/ecse321/eventregistration/service/role/TestPromoterRoleHidden.java:159: error: cannot find symbol
            service.promotesEvent(promoter, event);
                   ^
  symbol:   method promotesEvent(Promoter,Event)
  location: variable service of type EventRegistrationService
/home/travis/build/McGill-ECSE321-Winter2020/assignment-grader/EventRegistration-Backend/src/test/java/ca/mcgill/ecse321/eventregistration/service/event/TestCircusHidden.java:40: error: cannot find symbol
        assertEquals(0, service.getAllCircuses().size());
                               ^
  symbol:   method getAllCircuses()
  location: variable service of type EventRegistrationService
/home/travis/build/McGill-ECSE321-Winter2020/assignment-grader/EventRegistration-Backend/src/test/java/ca/mcgill/ecse321/eventregistration/service/event/TestCircusHidden.java:53: error: cannot find symbol
            service.createCircus(name, circusDate, Time.valueOf(startTime) , Time.valueOf(endTime), company);
                   ^
  symbol:   method createCircus(String,Date,Time,Time,String)
  location: variable service of type EventRegistrationService
/home/travis/build/McGill-ECSE321-Winter2020/assignment-grader/EventRegistration-Backend/src/test/java/ca/mcgill/ecse321/eventregistration/service/event/TestCircusHidden.java:63: error: cannot find symbol
        assertEquals(1, service.getAllCircuses().size());
                               ^
  symbol:   method getAllCircuses()
  location: variable service of type EventRegistrationService
/home/travis/build/McGill-ECSE321-Winter2020/assignment-grader/EventRegistration-Backend/src/test/java/ca/mcgill/ecse321/eventregistration/service/event/TestCircusHidden.java:64: error: cannot find symbol
        assertEquals(name, service.getAllCircuses().get(0).getName());
                                  ^
  symbol:   method getAllCircuses()
  location: variable service of type EventRegistrationService
/home/travis/build/McGill-ECSE321-Winter2020/assignment-grader/EventRegistration-Backend/src/test/java/ca/mcgill/ecse321/eventregistration/service/event/TestCircusHidden.java:65: error: cannot find symbol
        assertEquals(circusDate.toString(), service.getAllCircuses().get(0).getDate().toString());
                                                   ^
  symbol:   method getAllCircuses()
  location: variable service of type EventRegistrationService
/home/travis/build/McGill-ECSE321-Winter2020/assignment-grader/EventRegistration-Backend/src/test/java/ca/mcgill/ecse321/eventregistration/service/event/TestCircusHidden.java:67: error: cannot find symbol
        assertEquals(startTime.format(formatter).toString(), service.getAllCircuses().get(0).getStartTime().toString());
                                                                    ^
  symbol:   method getAllCircuses()
  location: variable service of type EventRegistrationService
/home/travis/build/McGill-ECSE321-Winter2020/assignment-grader/EventRegistration-Backend/src/test/java/ca/mcgill/ecse321/eventregistration/service/event/TestCircusHidden.java:68: error: cannot find symbol
        assertEquals(endTime.format(formatter).toString(), service.getAllCircuses().get(0).getEndTime().toString());
                                                                  ^
  symbol:   method getAllCircuses()
  location: variable service of type EventRegistrationService
/home/travis/build/McGill-ECSE321-Winter2020/assignment-grader/EventRegistration-Backend/src/test/java/ca/mcgill/ecse321/eventregistration/service/event/TestCircusHidden.java:69: error: cannot find symbol
        assertEquals(company, service.getAllCircuses().get(0).getCompany());
                                     ^
  symbol:   method getAllCircuses()
  location: variable service of type EventRegistrationService
/home/travis/build/McGill-ECSE321-Winter2020/assignment-grader/EventRegistration-Backend/src/test/java/ca/mcgill/ecse321/eventregistration/service/event/TestCircusHidden.java:85: error: cannot find symbol
            service.createCircus(name, circusDate, startTime, endTime, company);
                   ^
  symbol:   method createCircus(String,Date,Time,Time,String)
  location: variable service of type EventRegistrationService
/home/travis/build/McGill-ECSE321-Winter2020/assignment-grader/EventRegistration-Backend/src/test/java/ca/mcgill/ecse321/eventregistration/service/event/TestCircusHidden.java:96: error: cannot find symbol
        assertEquals(0, service.getAllCircuses().size());
                               ^
  symbol:   method getAllCircuses()
  location: variable service of type EventRegistrationService
/home/travis/build/McGill-ECSE321-Winter2020/assignment-grader/EventRegistration-Backend/src/test/java/ca/mcgill/ecse321/eventregistration/service/event/TestCircusHidden.java:101: error: cannot find symbol
        assertEquals(0, service.getAllCircuses().size());
                               ^
  symbol:   method getAllCircuses()
  location: variable service of type EventRegistrationService
/home/travis/build/McGill-ECSE321-Winter2020/assignment-grader/EventRegistration-Backend/src/test/java/ca/mcgill/ecse321/eventregistration/service/event/TestCircusHidden.java:115: error: cannot find symbol
            service.createCircus(name, circusDate, Time.valueOf(startTime), Time.valueOf(endTime), company);
                   ^
  symbol:   method createCircus(String,Date,Time,Time,String)
  location: variable service of type EventRegistrationService
/home/travis/build/McGill-ECSE321-Winter2020/assignment-grader/EventRegistration-Backend/src/test/java/ca/mcgill/ecse321/eventregistration/service/event/TestCircusHidden.java:123: error: cannot find symbol
        assertEquals(0, service.getAllCircuses().size());
                               ^
  symbol:   method getAllCircuses()
  location: variable service of type EventRegistrationService
/home/travis/build/McGill-ECSE321-Winter2020/assignment-grader/EventRegistration-Backend/src/test/java/ca/mcgill/ecse321/eventregistration/service/event/TestCircusHidden.java:128: error: cannot find symbol
        assertEquals(0, service.getAllCircuses().size());
                               ^
  symbol:   method getAllCircuses()
  location: variable service of type EventRegistrationService
/home/travis/build/McGill-ECSE321-Winter2020/assignment-grader/EventRegistration-Backend/src/test/java/ca/mcgill/ecse321/eventregistration/service/event/TestCircusHidden.java:142: error: cannot find symbol
            service.createCircus(name, circusDate, Time.valueOf(startTime), Time.valueOf(endTime), company);
                   ^
  symbol:   method createCircus(String,Date,Time,Time,String)
  location: variable service of type EventRegistrationService
/home/travis/build/McGill-ECSE321-Winter2020/assignment-grader/EventRegistration-Backend/src/test/java/ca/mcgill/ecse321/eventregistration/service/event/TestCircusHidden.java:150: error: cannot find symbol
        assertEquals(0, service.getAllCircuses().size());
                               ^
  symbol:   method getAllCircuses()
  location: variable service of type EventRegistrationService
/home/travis/build/McGill-ECSE321-Winter2020/assignment-grader/EventRegistration-Backend/src/test/java/ca/mcgill/ecse321/eventregistration/service/event/TestCircusHidden.java:155: error: cannot find symbol
        assertEquals(0, service.getAllCircuses().size());
                               ^
  symbol:   method getAllCircuses()
  location: variable service of type EventRegistrationService
/home/travis/build/McGill-ECSE321-Winter2020/assignment-grader/EventRegistration-Backend/src/test/java/ca/mcgill/ecse321/eventregistration/service/event/TestCircusHidden.java:169: error: cannot find symbol
            service.createCircus(name, circusDate, Time.valueOf(startTime), Time.valueOf(endTime), company);
                   ^
  symbol:   method createCircus(String,Date,Time,Time,String)
  location: variable service of type EventRegistrationService
/home/travis/build/McGill-ECSE321-Winter2020/assignment-grader/EventRegistration-Backend/src/test/java/ca/mcgill/ecse321/eventregistration/service/event/TestCircusHidden.java:177: error: cannot find symbol
        assertEquals(0, service.getAllCircuses().size());
                               ^
  symbol:   method getAllCircuses()
  location: variable service of type EventRegistrationService
/home/travis/build/McGill-ECSE321-Winter2020/assignment-grader/EventRegistration-Backend/src/test/java/ca/mcgill/ecse321/eventregistration/service/event/TestCircusHidden.java:182: error: cannot find symbol
        assertEquals(0, service.getAllCircuses().size());
                               ^
  symbol:   method getAllCircuses()
  location: variable service of type EventRegistrationService
/home/travis/build/McGill-ECSE321-Winter2020/assignment-grader/EventRegistration-Backend/src/test/java/ca/mcgill/ecse321/eventregistration/service/event/TestCircusHidden.java:196: error: cannot find symbol
            service.createCircus(name, circusDate, Time.valueOf(startTime), Time.valueOf(endTime), company);
                   ^
  symbol:   method createCircus(String,Date,Time,Time,String)
  location: variable service of type EventRegistrationService
/home/travis/build/McGill-ECSE321-Winter2020/assignment-grader/EventRegistration-Backend/src/test/java/ca/mcgill/ecse321/eventregistration/service/event/TestCircusHidden.java:204: error: cannot find symbol
        assertEquals(0, service.getAllCircuses().size());
                               ^
  symbol:   method getAllCircuses()
  location: variable service of type EventRegistrationService
/home/travis/build/McGill-ECSE321-Winter2020/assignment-grader/EventRegistration-Backend/src/test/java/ca/mcgill/ecse321/eventregistration/service/event/TestCircusHidden.java:209: error: cannot find symbol
        assertEquals(0, service.getAllCircuses().size());
                               ^
  symbol:   method getAllCircuses()
  location: variable service of type EventRegistrationService
/home/travis/build/McGill-ECSE321-Winter2020/assignment-grader/EventRegistration-Backend/src/test/java/ca/mcgill/ecse321/eventregistration/service/event/TestCircusHidden.java:223: error: cannot find symbol
            service.createCircus(name, circusDate, Time.valueOf(startTime), Time.valueOf(endTime), company);
                   ^
  symbol:   method createCircus(String,Date,Time,Time,String)
  location: variable service of type EventRegistrationService
/home/travis/build/McGill-ECSE321-Winter2020/assignment-grader/EventRegistration-Backend/src/test/java/ca/mcgill/ecse321/eventregistration/service/event/TestCircusHidden.java:231: error: cannot find symbol
        assertEquals(0, service.getAllCircuses().size());
                               ^
  symbol:   method getAllCircuses()
  location: variable service of type EventRegistrationService
68 errors

> Task :compileTestJava FAILED
:compileTestJava (Thread[Execution worker for ':',5,main]) completed. Took 2.854 secs.

FAILURE: Build failed with an exception.

* What went wrong:
Execution failed for task ':compileTestJava'.
> Compilation failed; see the compiler error output for details.

* Try:
Run with --stacktrace option to get the stack trace. Run with --debug option to get more log output. Run with --scan to get full insights.

* Get more help at https://help.gradle.org

BUILD FAILED in 5s
3 actionable tasks: 1 executed, 2 up-to-date
